<?xml version="1.0" encoding="UTF-8"?>
<!-- Generated by org.testng.reporters.JUnitReportReporter -->
<testsuite skipped="0" hostname="MacBook-Pro-Mac.Dlink" name="BookingTest" tests="1" failures="0" timestamp="11 фев 2019 18:36:26 GMT" time="5.763" errors="0">
  <testcase name="testOpenSite" time="5.763" classname="BookingTest"/>
</testsuite> <!-- BookingTest -->
